  FoodGraphicsComponent.cpp
  FoodPhysicsComponent.cpp
  Game.cpp
Game.cpp(12): warning C4244: 'argument': conversion from 'time_t' to 'unsigned int', possible loss of data
  GhostGraphicsComponent.cpp
  GhostPhysicsComponent.cpp
  Level.cpp
  MovingPhysicsComponent.cpp
  PacmanGraphicsComponent.cpp
  PacmanInputComponent.cpp
  PacmanPhysicsComponent.cpp
  System.cpp
  SystemFont.cpp
  SystemGraphics.cpp
  SystemInput.cpp
  TileGraphicsComponent.cpp
  TileInputComponent.cpp
  TilePhysicsComponent.cpp
  Timer.cpp
  World.cpp
World.cpp(82): warning C4244: '=': conversion from 'float' to 'int', possible loss of data
  Generating code
  118 of 1145 functions (10.3%) were compiled, the rest were copied from previous compilation.
    15 functions were new in current compilation
    29 functions had inline decision re-evaluated but remain unchanged
  Finished generating code
  MyPacman.vcxproj -> C:\Users\BaSk3T\Desktop\MyPacman\MyPacman\Release\MyPacman.exe
  MyPacman.vcxproj -> C:\Users\BaSk3T\Desktop\MyPacman\MyPacman\Release\MyPacman.pdb (Full PDB)
