c:\users\bask3t\documents\visual studio 2015\projects\mypacman\mypacman\debug\vc140.pdb
c:\users\bask3t\documents\visual studio 2015\projects\mypacman\mypacman\debug\vc140.idb
c:\users\bask3t\documents\visual studio 2015\projects\mypacman\mypacman\debug\game.obj
c:\users\bask3t\documents\visual studio 2015\projects\mypacman\mypacman\debug\source.obj
c:\users\bask3t\desktop\mypacman\mypacman\mypacman\debug\vc140.pdb
c:\users\bask3t\desktop\mypacman\mypacman\mypacman\debug\vc140.idb
c:\users\bask3t\desktop\mypacman\mypacman\mypacman\debug\game.obj
c:\users\bask3t\desktop\mypacman\mypacman\mypacman\debug\gametexture.obj
c:\users\bask3t\desktop\mypacman\mypacman\mypacman\debug\gametiletexture.obj
c:\users\bask3t\desktop\mypacman\mypacman\mypacman\debug\character.obj
c:\users\bask3t\desktop\mypacman\mypacman\mypacman\debug\food.obj
c:\users\bask3t\desktop\mypacman\mypacman\mypacman\debug\gametile.obj
c:\users\bask3t\desktop\mypacman\mypacman\mypacman\debug\collisionbox.obj
c:\users\bask3t\desktop\mypacman\mypacman\mypacman\debug\system.obj
c:\users\bask3t\desktop\mypacman\mypacman\mypacman\debug\systemgraphics.obj
c:\users\bask3t\desktop\mypacman\mypacman\mypacman\debug\rectangle.obj
c:\users\bask3t\desktop\mypacman\mypacman\mypacman\debug\systeminput.obj
c:\users\bask3t\desktop\mypacman\mypacman\mypacman\debug\world.obj
c:\users\bask3t\desktop\mypacman\mypacman\mypacman\debug\gameobject.obj
c:\users\bask3t\desktop\mypacman\mypacman\mypacman\debug\tilegraphicscomponent.obj
c:\users\bask3t\desktop\mypacman\mypacman\mypacman\debug\tilephysicscomponent.obj
c:\users\bask3t\desktop\mypacman\mypacman\mypacman\debug\level.obj
c:\users\bask3t\desktop\mypacman\mypacman\mypacman\debug\tileinputcomponent.obj
c:\users\bask3t\desktop\mypacman\mypacman\mypacman\debug\foodphysicscomponent.obj
c:\users\bask3t\desktop\mypacman\mypacman\mypacman\debug\foodgraphicscomponent.obj
c:\users\bask3t\desktop\mypacman\mypacman\mypacman\debug\foodinputcomponent.obj
c:\users\bask3t\desktop\mypacman\mypacman\mypacman\debug\pacmangraphicscomponent.obj
c:\users\bask3t\desktop\mypacman\mypacman\mypacman\debug\pacmaninputcomponent.obj
c:\users\bask3t\desktop\mypacman\mypacman\mypacman\debug\pacmanphysicscomponent.obj
c:\users\bask3t\desktop\mypacman\mypacman\mypacman\debug\ghostgraphicscomponent.obj
c:\users\bask3t\desktop\mypacman\mypacman\mypacman\debug\ghostinputcomponent.obj
c:\users\bask3t\desktop\mypacman\mypacman\mypacman\debug\ghostphysicscomponent.obj
c:\users\bask3t\desktop\mypacman\mypacman\mypacman\debug\movingphysicscomponent.obj
c:\users\bask3t\documents\visual studio 2015\projects\mypacman\debug\mypacman.ilk
c:\users\bask3t\documents\visual studio 2015\projects\mypacman\debug\mypacman.exe
c:\users\bask3t\documents\visual studio 2015\projects\mypacman\debug\mypacman.pdb
c:\users\bask3t\desktop\mypacman\mypacman\debug\mypacman.ilk
c:\users\bask3t\desktop\mypacman\mypacman\debug\mypacman.exe
c:\users\bask3t\desktop\mypacman\mypacman\debug\mypacman.pdb
c:\users\bask3t\desktop\mypacman\mypacman\mypacman\debug\source.obj
c:\users\bask3t\desktop\mypacman\mypacman\mypacman\debug\mypacman.tlog\cl.command.1.tlog
c:\users\bask3t\desktop\mypacman\mypacman\mypacman\debug\mypacman.tlog\cl.read.1.tlog
c:\users\bask3t\desktop\mypacman\mypacman\mypacman\debug\mypacman.tlog\cl.write.1.tlog
c:\users\bask3t\desktop\mypacman\mypacman\mypacman\debug\mypacman.tlog\link.command.1.tlog
c:\users\bask3t\desktop\mypacman\mypacman\mypacman\debug\mypacman.tlog\link.read.1.tlog
c:\users\bask3t\desktop\mypacman\mypacman\mypacman\debug\mypacman.tlog\link.write.1.tlog
